
 ANSYS Academic Teaching Mechanical                


 *------------------------------------------------------------------*
 |                                                                  |
 |   W E L C O M E   T O   T H E   A N S Y S (R)  P R O G R A M     |
 |                                                                  |
 *------------------------------------------------------------------*




 ***************************************************************
 *            ANSYS 2019 R2          LEGAL NOTICES             *
 ***************************************************************
 *                                                             *
 * Copyright 1971-2019 ANSYS, Inc.  All rights reserved.       *
 * Unauthorized use, distribution or duplication is            *
 * prohibited.                                                 *
 *                                                             *
 * Ansys is a registered trademark of ANSYS, Inc. or its       *
 * subsidiaries in the United States or other countries.       *
 * See the ANSYS, Inc. online documentation or the ANSYS, Inc. *
 * documentation CD or online help for the complete Legal      *
 * Notice.                                                     *
 *                                                             *
 ***************************************************************
 *                                                             *
 * THIS ANSYS SOFTWARE PRODUCT AND PROGRAM DOCUMENTATION       *
 * INCLUDE TRADE SECRETS AND CONFIDENTIAL AND PROPRIETARY      *
 * PRODUCTS OF ANSYS, INC., ITS SUBSIDIARIES, OR LICENSORS.    *
 * The software products and documentation are furnished by    *
 * ANSYS, Inc. or its subsidiaries under a software license    *
 * agreement that contains provisions concerning               *
 * non-disclosure, copying, length and nature of use,          *
 * compliance with exporting laws, warranties, disclaimers,    *
 * limitations of liability, and remedies, and other           *
 * provisions.  The software products and documentation may be *
 * used, disclosed, transferred, or copied only in accordance  *
 * with the terms and conditions of that software license      *
 * agreement.                                                  *
 *                                                             *
 * ANSYS, Inc. is a UL registered                              *
 * ISO 9001:2015 company.                                      *
 *                                                             *
 ***************************************************************
 *                                                             *
 * This product is subject to U.S. laws governing export and   *
 * re-export.                                                  *
 *                                                             *
 * For U.S. Government users, except as specifically granted   *
 * by the ANSYS, Inc. software license agreement, the use,     *
 * duplication, or disclosure by the United States Government  *
 * is subject to restrictions stated in the ANSYS, Inc.        *
 * software license agreement and FAR 12.212 (for non-DOD      *
 * licenses).                                                  *
 *                                                             *
 ***************************************************************



 *------------------------------------------------------------------*
 |                    ANSYS Product Improvement                     |
 |                                                                  |
 |   ANSYS Product Improvement Program helps improve ANSYS          |
 |   products. Participating in this program is like filling out a  |
 |   survey. Without interrupting your work, the software reports   |
 |   anonymous usage information such as errors, machine and        |
 |   solver statistics, features used, etc. to ANSYS. We never      |
 |   use the data to identify or contact you.                       |
 |   The data does NOT contain:                                     |
 |   - Any personally identifiable information including names,     |
 |     IP addresses, file names, part names, etc.                   |
 |   - Any information about your geometry or design specific       |
 |     inputs.                                                      |
 |   You can stop participation at any time. To change your         |
 |   selection go to Help >> ANSYS Product Improvement Program      |
 |   in the GUI.                                                    |
 |   For more information about the ANSYS Privacy Policy, please    |
 |   check: http://www.ansys.com/privacy                            |
 |                                                                  |
 *------------------------------------------------------------------*


 2019 R2 
     
 Point Releases and Patches installed:   
     
 ANSYS, Inc. Products 2019 R2
 SpaceClaim 2019 R2  
 AIM 2019 R2 
 Live (includes SpaceClaim) 2019 R2  
 Remote Solve Manager Standalone Services 2019 R2
 Viewer 2019 R2  
 ACIS Geometry Interface 2019 R2 
 AutoCAD Geometry Interface 2019 R2  
 Catia, Version 4 Geometry Interface 2019 R2 
 Catia, Version 5 Geometry Interface 2019 R2 
 Catia, Version 6 Geometry Interface 2019 R2 
 Creo Elements/Direct Modeling Geometry Interface 2019 R2
 Creo Parametric Geometry Interface 2019 R2  
 Inventor Geometry Interface 2019 R2 
 JTOpen Geometry Interface 2019 R2   
 NX Geometry Interface 2019 R2   
 Parasolid Geometry Interface  2019 R2   
 Solid Edge Geometry Interface 2019 R2   
 SOLIDWORKS Geometry Interface 2019 R2   
 ANSYS, Inc. License Manager 2019 R2 
 CFD-Post only 2019 R2   
 CFX (includes CFD-Post) 2019 R2 
 Chemkin 2019 R2 
 EnSight 2019 R2 
 FENSAP-ICE 2019 R2  
 Fluent (includes CFD-Post) 2019 R2  
 Forte 2019 R2   
 Polyflow (includes CFD-Post) 2019 R2
 TurboGrid 2019 R2   
 Icepak (includes CFD-Post) 2019 R2  


          *****  ANSYS COMMAND LINE ARGUMENTS  *****
  INITIAL JOBNAME              = bancosloko                                                                                                                                                                                                                                              
  DISTRIBUTED MEMORY PARALLEL REQUESTED
       2 PARALLEL PROCESSES REQUESTED WITH SINGLE THREAD PER PROCESS
    TOTAL OF     2 CORES REQUESTED
  MPI OPTION                   = INTELMPI
  START-UP FILE MODE           = READ  
  STOP FILE MODE               = READ  
  MODEL FILE NAME              = S:\Users\16.00378-0\IdeaProjects\atividade_03\src\bancosloko.db                                                                                                                                                                                                     
  GRAPHICS DEVICE REQUESTED    = win32   
  GRAPHICAL ENTRY              = YES   
  LANGUAGE                     = en-us               
  INITIAL DIRECTORY = S:\Users\16.00378-0\IdeaProjects\atividade_03\src

 RELEASE= 2019 R2              BUILD= 19.4      UP20190416   VERSION=WINDOWS x64 
 CURRENT JOBNAME=bancosloko1  10:27:51  OCT 07, 2019 CP=      0.125


 RESUME ANSYS DATA FROM FILE NAME=S:\Users\16.00378-0\IdeaProjects\atividade_03\src\bancosloko.db                                                                                                                                                                                                     

 *** ERROR ***                           CP =       1.094   TIME= 10:27:52
 Data file S:\Users\16.00378-0\IdeaProjects\atividade_03\src\bancosloko.d
 b has incorrect format, is missing READ/WRITE permission, or is empty   
 for RESUME.                                                             
